<?xml version="1.0" encoding="UTF-8"?>
<testng-results skipped="0" failed="1" total="3" passed="2">
  <reporter-output>
  </reporter-output>
  <suite name="CRM App Test Automation" duration-ms="47371" started-at="2019-06-20T12:04:33Z" finished-at="2019-06-20T12:05:21Z">
    <groups>
    </groups>
    <test name="CRM APP Test" duration-ms="47371" started-at="2019-06-20T12:04:33Z" finished-at="2019-06-20T12:05:21Z">
      <class name="com.crm.testcases.HomePageTest">
        <test-method status="PASS" signature="SetUp()[pri:0, instance:com.crm.testcases.HomePageTest@5b275dab]" name="SetUp" is-config="true" duration-ms="12765" started-at="2019-06-20T17:35:06Z" finished-at="2019-06-20T17:35:19Z">
          <reporter-output>
          </reporter-output>
        </test-method> <!-- SetUp -->
        <test-method status="PASS" signature="ValidateCRMHomepage()[pri:0, instance:com.crm.testcases.HomePageTest@5b275dab]" name="ValidateCRMHomepage" duration-ms="1363" started-at="2019-06-20T17:35:19Z" finished-at="2019-06-20T17:35:20Z">
          <reporter-output>
          </reporter-output>
        </test-method> <!-- ValidateCRMHomepage -->
        <test-method status="PASS" signature="quit()[pri:0, instance:com.crm.testcases.HomePageTest@5b275dab]" name="quit" is-config="true" duration-ms="774" started-at="2019-06-20T17:35:20Z" finished-at="2019-06-20T17:35:21Z">
          <reporter-output>
          </reporter-output>
        </test-method> <!-- quit -->
      </class> <!-- com.crm.testcases.HomePageTest -->
      <class name="com.crm.testcases.LoginTest">
        <test-method status="PASS" signature="SetUp()[pri:0, instance:com.crm.testcases.LoginTest@cb5822]" name="SetUp" is-config="true" duration-ms="15434" started-at="2019-06-20T17:34:33Z" finished-at="2019-06-20T17:34:49Z">
          <reporter-output>
          </reporter-output>
        </test-method> <!-- SetUp -->
        <test-method status="FAIL" signature="ValidateTitle()[pri:0, instance:com.crm.testcases.LoginTest@cb5822]" name="ValidateTitle" duration-ms="279" started-at="2019-06-20T17:34:49Z" finished-at="2019-06-20T17:34:49Z">
          <exception class="java.lang.AssertionError">
            <message>
              <![CDATA[expected [#1 Free CRM software in the Cloud FreeCRM] but found [Free CRM software for any Business]]]>
            </message>
            <full-stacktrace>
              <![CDATA[java.lang.AssertionError: expected [#1 Free CRM software in the Cloud FreeCRM] but found [Free CRM software for any Business]
	at org.testng.Assert.fail(Assert.java:94)
	at org.testng.Assert.failNotEquals(Assert.java:494)
	at org.testng.Assert.assertEquals(Assert.java:123)
	at org.testng.Assert.assertEquals(Assert.java:176)
	at org.testng.Assert.assertEquals(Assert.java:186)
	at com.crm.testcases.LoginTest.ValidateTitle(LoginTest.java:28)
	at sun.reflect.NativeMethodAccessorImpl.invoke0(Native Method)
	at sun.reflect.NativeMethodAccessorImpl.invoke(NativeMethodAccessorImpl.java:62)
	at sun.reflect.DelegatingMethodAccessorImpl.invoke(DelegatingMethodAccessorImpl.java:43)
	at java.lang.reflect.Method.invoke(Method.java:498)
	at org.testng.internal.MethodInvocationHelper.invokeMethod(MethodInvocationHelper.java:80)
	at org.testng.internal.Invoker.invokeMethod(Invoker.java:714)
	at org.testng.internal.Invoker.invokeTestMethod(Invoker.java:901)
	at org.testng.internal.Invoker.invokeTestMethods(Invoker.java:1231)
	at org.testng.internal.TestMethodWorker.invokeTestMethods(TestMethodWorker.java:127)
	at org.testng.internal.TestMethodWorker.run(TestMethodWorker.java:111)
	at org.testng.TestRunner.privateRun(TestRunner.java:767)
	at org.testng.TestRunner.run(TestRunner.java:617)
	at org.testng.SuiteRunner.runTest(SuiteRunner.java:334)
	at org.testng.SuiteRunner.runSequentially(SuiteRunner.java:329)
	at org.testng.SuiteRunner.privateRun(SuiteRunner.java:291)
	at org.testng.SuiteRunner.run(SuiteRunner.java:240)
	at org.testng.SuiteRunnerWorker.runSuite(SuiteRunnerWorker.java:52)
	at org.testng.SuiteRunnerWorker.run(SuiteRunnerWorker.java:86)
	at org.testng.TestNG.runSuitesSequentially(TestNG.java:1198)
	at org.testng.TestNG.runSuitesLocally(TestNG.java:1123)
	at org.testng.TestNG.run(TestNG.java:1031)
	at org.testng.remote.AbstractRemoteTestNG.run(AbstractRemoteTestNG.java:114)
	at org.testng.remote.RemoteTestNG.initAndRun(RemoteTestNG.java:251)
	at org.testng.remote.RemoteTestNG.main(RemoteTestNG.java:77)
]]>
            </full-stacktrace>
          </exception> <!-- java.lang.AssertionError -->
          <reporter-output>
          </reporter-output>
        </test-method> <!-- ValidateTitle -->
        <test-method status="PASS" signature="quit()[pri:0, instance:com.crm.testcases.LoginTest@cb5822]" name="quit" is-config="true" duration-ms="789" started-at="2019-06-20T17:34:49Z" finished-at="2019-06-20T17:34:50Z">
          <reporter-output>
          </reporter-output>
        </test-method> <!-- quit -->
        <test-method status="PASS" signature="SetUp()[pri:0, instance:com.crm.testcases.LoginTest@cb5822]" name="SetUp" is-config="true" duration-ms="7606" started-at="2019-06-20T17:34:50Z" finished-at="2019-06-20T17:34:58Z">
          <reporter-output>
          </reporter-output>
        </test-method> <!-- SetUp -->
        <test-method status="PASS" signature="validatelogin()[pri:0, instance:com.crm.testcases.LoginTest@cb5822]" name="validatelogin" duration-ms="7497" started-at="2019-06-20T17:34:58Z" finished-at="2019-06-20T17:35:05Z">
          <reporter-output>
          </reporter-output>
        </test-method> <!-- validatelogin -->
        <test-method status="PASS" signature="quit()[pri:0, instance:com.crm.testcases.LoginTest@cb5822]" name="quit" is-config="true" duration-ms="820" started-at="2019-06-20T17:35:05Z" finished-at="2019-06-20T17:35:06Z">
          <reporter-output>
          </reporter-output>
        </test-method> <!-- quit -->
      </class> <!-- com.crm.testcases.LoginTest -->
    </test> <!-- CRM APP Test -->
  </suite> <!-- CRM App Test Automation -->
</testng-results>
